<?xml version="1.0" encoding="UTF-8"?>
<!-- Generated by org.testng.reporters.JUnitReportReporter -->
<testsuite hostname="HB-laptops-025" failures="0" tests="2" name="secondPackage.secondtestng" time="0.012" errors="0" timestamp="2021-06-22T00:18:38 EDT" skipped="0">
  <testcase classname="secondPackage.secondtestng" name="testng" time="0.011"/>
  <system-out/>
  <testcase classname="secondPackage.secondtestng" name="testng1" time="0.001"/>
  <system-out/>
</testsuite> <!-- secondPackage.secondtestng -->
